<?xml version="1.0" encoding="UTF-8"?>
<!-- Generated by org.testng.reporters.JUnitReportReporter -->
<testsuite hostname="Vickram" failures="0" tests="12" name="testing.VWO" time="279.760" errors="0" timestamp="2024-01-07T17:35:24 IST" skipped="0">
  <testcase classname="testing.VWO" name="Login" time="39.783"/>
  <testcase classname="testing.VWO" name="Login4" time="18.994"/>
  <testcase classname="testing.VWO" name="Login3" time="27.277"/>
  <testcase classname="testing.VWO" name="Login4" time="20.685"/>
  <testcase classname="testing.VWO" name="Login4" time="18.628"/>
  <testcase classname="testing.VWO" name="Login" time="22.233"/>
  <testcase classname="testing.VWO" name="Login3" time="22.119"/>
  <testcase classname="testing.VWO" name="Login2" time="30.916"/>
  <testcase classname="testing.VWO" name="Login3" time="20.515"/>
  <testcase classname="testing.VWO" name="Login2" time="18.887"/>
  <testcase classname="testing.VWO" name="Login" time="23.169"/>
  <testcase classname="testing.VWO" name="Login2" time="16.554"/>
</testsuite> <!-- testing.VWO -->
